# JRE version: Java(TM) SE Runtime Environment (8.0_212-b10) (build 1.8.0_212-b10)
# Java VM: Java HotSpot(TM) 64-Bit Server VM (25.212-b10 mixed mode windows-amd64 compressed oops)
Heap:
 PSYoungGen      total 111104K, used 26858K [0x00000000f5580000, 0x0000000100000000, 0x0000000100000000)
  eden space 102912K, 18% used [0x00000000f5580000,0x00000000f67bd140,0x00000000fba00000)
  from space 8192K, 99% used [0x00000000fd900000,0x00000000fe0fd9b0,0x00000000fe100000)
  to   space 31744K, 0% used [0x00000000fba00000,0x00000000fba00000,0x00000000fd900000)
 ParOldGen       total 197632K, used 73348K [0x00000000e0000000, 0x00000000ec100000, 0x00000000f5580000)
  object space 197632K, 37% used [0x00000000e0000000,0x00000000e47a1030,0x00000000ec100000)
 Metaspace       used 59703K, capacity 64240K, committed 65832K, reserved 1105920K
  class space    used 7859K, capacity 8615K, committed 9000K, reserved 1048576K
GC Heap History (10 events):
Event: 17331.833 GC heap before
{Heap before GC invocations=21 (full 2):
 PSYoungGen      total 128512K, used 128498K [0x00000000f5580000, 0x00000000fe580000, 0x0000000100000000)
  eden space 118784K, 100% used [0x00000000f5580000,0x00000000fc980000,0x00000000fc980000)
  from space 9728K, 99% used [0x00000000fdc00000,0x00000000fe57c920,0x00000000fe580000)
  to   space 12800K, 0% used [0x00000000fcc80000,0x00000000fcc80000,0x00000000fd900000)
 ParOldGen       total 175104K, used 17337K [0x00000000e0000000, 0x00000000eab00000, 0x00000000f5580000)
  object space 175104K, 9% used [0x00000000e0000000,0x00000000e10ee5e0,0x00000000eab00000)
 Metaspace       used 53392K, capacity 58540K, committed 58664K, reserved 1099776K
  class space    used 7273K, capacity 8182K, committed 8232K, reserved 1048576K
Event: 17331.861 GC heap after
Heap after GC invocations=21 (full 2):
 PSYoungGen      total 128512K, used 12784K [0x00000000f5580000, 0x00000000fe380000, 0x0000000100000000)
  eden space 115712K, 0% used [0x00000000f5580000,0x00000000f5580000,0x00000000fc680000)
  from space 12800K, 99% used [0x00000000fcc80000,0x00000000fd8fc138,0x00000000fd900000)
  to   space 10752K, 0% used [0x00000000fd900000,0x00000000fd900000,0x00000000fe380000)
 ParOldGen       total 175104K, used 21126K [0x00000000e0000000, 0x00000000eab00000, 0x00000000f5580000)
  object space 175104K, 12% used [0x00000000e0000000,0x00000000e14a1898,0x00000000eab00000)
 Metaspace       used 53392K, capacity 58540K, committed 58664K, reserved 1099776K
  class space    used 7273K, capacity 8182K, committed 8232K, reserved 1048576K
}
Event: 17333.459 GC heap before
{Heap before GC invocations=22 (full 2):
 PSYoungGen      total 128512K, used 47244K [0x00000000f5580000, 0x00000000fe380000, 0x0000000100000000)
  eden space 115712K, 29% used [0x00000000f5580000,0x00000000f7727090,0x00000000fc680000)
  from space 12800K, 99% used [0x00000000fcc80000,0x00000000fd8fc138,0x00000000fd900000)
  to   space 10752K, 0% used [0x00000000fd900000,0x00000000fd900000,0x00000000fe380000)
 ParOldGen       total 175104K, used 21126K [0x00000000e0000000, 0x00000000eab00000, 0x00000000f5580000)
  object space 175104K, 12% used [0x00000000e0000000,0x00000000e14a1898,0x00000000eab00000)
 Metaspace       used 53813K, capacity 59072K, committed 59160K, reserved 1099776K
  class space    used 7343K, capacity 8280K, committed 8360K, reserved 1048576K
Event: 17333.469 GC heap after
Heap after GC invocations=22 (full 2):
 PSYoungGen      total 121344K, used 7626K [0x00000000f5580000, 0x00000000fe100000, 0x0000000100000000)
  eden space 113152K, 0% used [0x00000000f5580000,0x00000000f5580000,0x00000000fc400000)
  from space 8192K, 93% used [0x00000000fd900000,0x00000000fe0728f0,0x00000000fe100000)
  to   space 14848K, 0% used [0x00000000fc400000,0x00000000fc400000,0x00000000fd280000)
 ParOldGen       total 175104K, used 25082K [0x00000000e0000000, 0x00000000eab00000, 0x00000000f5580000)
  object space 175104K, 14% used [0x00000000e0000000,0x00000000e187e8d8,0x00000000eab00000)
 Metaspace       used 53813K, capacity 59072K, committed 59160K, reserved 1099776K
  class space    used 7343K, capacity 8280K, committed 8360K, reserved 1048576K
}
Event: 17333.469 GC heap before
{Heap before GC invocations=23 (full 3):
 PSYoungGen      total 121344K, used 7626K [0x00000000f5580000, 0x00000000fe100000, 0x0000000100000000)
  eden space 113152K, 0% used [0x00000000f5580000,0x00000000f5580000,0x00000000fc400000)
  from space 8192K, 93% used [0x00000000fd900000,0x00000000fe0728f0,0x00000000fe100000)
  to   space 14848K, 0% used [0x00000000fc400000,0x00000000fc400000,0x00000000fd280000)
 ParOldGen       total 175104K, used 25082K [0x00000000e0000000, 0x00000000eab00000, 0x00000000f5580000)
  object space 175104K, 14% used [0x00000000e0000000,0x00000000e187e8d8,0x00000000eab00000)
 Metaspace       used 53813K, capacity 59072K, committed 59160K, reserved 1099776K
  class space    used 7343K, capacity 8280K, committed 8360K, reserved 1048576K
Event: 17333.742 GC heap after
Heap after GC invocations=23 (full 3):
 PSYoungGen      total 121344K, used 0K [0x00000000f5580000, 0x00000000fe100000, 0x0000000100000000)
  eden space 113152K, 0% used [0x00000000f5580000,0x00000000f5580000,0x00000000fc400000)
  from space 8192K, 0% used [0x00000000fd900000,0x00000000fd900000,0x00000000fe100000)
  to   space 14848K, 0% used [0x00000000fc400000,0x00000000fc400000,0x00000000fd280000)
 ParOldGen       total 197632K, used 24738K [0x00000000e0000000, 0x00000000ec100000, 0x00000000f5580000)
  object space 197632K, 12% used [0x00000000e0000000,0x00000000e1828ba8,0x00000000ec100000)
 Metaspace       used 52933K, capacity 57370K, committed 59160K, reserved 1099776K
  class space    used 7127K, capacity 7892K, committed 8360K, reserved 1048576K
}
Event: 17338.267 GC heap before
{Heap before GC invocations=24 (full 3):
 PSYoungGen      total 121344K, used 113152K [0x00000000f5580000, 0x00000000fe100000, 0x0000000100000000)
  eden space 113152K, 100% used [0x00000000f5580000,0x00000000fc400000,0x00000000fc400000)
  from space 8192K, 0% used [0x00000000fd900000,0x00000000fd900000,0x00000000fe100000)
  to   space 14848K, 0% used [0x00000000fc400000,0x00000000fc400000,0x00000000fd280000)
 ParOldGen       total 197632K, used 24738K [0x00000000e0000000, 0x00000000ec100000, 0x00000000f5580000)
  object space 197632K, 12% used [0x00000000e0000000,0x00000000e1828ba8,0x00000000ec100000)
 Metaspace       used 57439K, capacity 61906K, committed 63656K, reserved 1103872K
  class space    used 7668K, capacity 8419K, committed 8872K, reserved 1048576K
Event: 17338.290 GC heap after
Heap after GC invocations=24 (full 3):
 PSYoungGen      total 128000K, used 14833K [0x00000000f5580000, 0x00000000fe100000, 0x0000000100000000)
  eden space 113152K, 0% used [0x00000000f5580000,0x00000000f5580000,0x00000000fc400000)
  from space 14848K, 99% used [0x00000000fc400000,0x00000000fd27c4f8,0x00000000fd280000)
  to   space 8192K, 0% used [0x00000000fd900000,0x00000000fd900000,0x00000000fe100000)
 ParOldGen       total 197632K, used 39616K [0x00000000e0000000, 0x00000000ec100000, 0x00000000f5580000)
  object space 197632K, 20% used [0x00000000e0000000,0x00000000e26b0328,0x00000000ec100000)
 Metaspace       used 57439K, capacity 61906K, committed 63656K, reserved 1103872K
  class space    used 7668K, capacity 8419K, committed 8872K, reserved 1048576K
}
Event: 17341.233 GC heap before
{Heap before GC invocations=25 (full 3):
 PSYoungGen      total 128000K, used 127985K [0x00000000f5580000, 0x00000000fe100000, 0x0000000100000000)
  eden space 113152K, 100% used [0x00000000f5580000,0x00000000fc400000,0x00000000fc400000)
  from space 14848K, 99% used [0x00000000fc400000,0x00000000fd27c4f8,0x00000000fd280000)
  to   space 8192K, 0% used [0x00000000fd900000,0x00000000fd900000,0x00000000fe100000)
 ParOldGen       total 197632K, used 39616K [0x00000000e0000000, 0x00000000ec100000, 0x00000000f5580000)
  object space 197632K, 20% used [0x00000000e0000000,0x00000000e26b0328,0x00000000ec100000)
 Metaspace       used 59574K, capacity 64024K, committed 65832K, reserved 1105920K
  class space    used 7839K, capacity 8586K, committed 9000K, reserved 1048576K
Event: 17341.271 GC heap after
Heap after GC invocations=25 (full 3):
 PSYoungGen      total 111104K, used 8182K [0x00000000f5580000, 0x0000000100000000, 0x0000000100000000)
  eden space 102912K, 0% used [0x00000000f5580000,0x00000000f5580000,0x00000000fba00000)
  from space 8192K, 99% used [0x00000000fd900000,0x00000000fe0fd9b0,0x00000000fe100000)
  to   space 31744K, 0% used [0x00000000fba00000,0x00000000fba00000,0x00000000fd900000)
 ParOldGen       total 197632K, used 73348K [0x00000000e0000000, 0x00000000ec100000, 0x00000000f5580000)
  object space 197632K, 37% used [0x00000000e0000000,0x00000000e47a1030,0x00000000ec100000)
 Metaspace       used 59574K, capacity 64024K, committed 65832K, reserved 1105920K
  class space    used 7839K, capacity 8586K, committed 9000K, reserved 1048576K
}

